<html>
<head>
<title>TestNG:  Default test</title>
<link href="../testng.css" rel="stylesheet" type="text/css" />
<link href="../my-testng.css" rel="stylesheet" type="text/css" />

<style type="text/css">
.log { display: none;} 
.stack-trace { display: none;} 
</style>
<script type="text/javascript">
<!--
function flip(e) {
  current = e.style.display;
  if (current == 'block') {
    e.style.display = 'none';
    return 0;
  }
  else {
    e.style.display = 'block';
    return 1;
  }
}

function toggleBox(szDivId, elem, msg1, msg2)
{
  var res = -1;  if (document.getElementById) {
    res = flip(document.getElementById(szDivId));
  }
  else if (document.all) {
    // this is the way old msie versions work
    res = flip(document.all[szDivId]);
  }
  if(elem) {
    if(res == 0) elem.innerHTML = msg1; else elem.innerHTML = msg2;
  }

}

function toggleAllBoxes() {
  if (document.getElementsByTagName) {
    d = document.getElementsByTagName('div');
    for (i = 0; i < d.length; i++) {
      if (d[i].className == 'log') {
        flip(d[i]);
      }
    }
  }
}

// -->
</script>

</head>
<body>
<h2 align='center'>Default test</h2><table border='1' align="center">
<tr>
<td>Tests passed/Failed/Skipped:</td><td>7/4/0</td>
</tr><tr>
<td>Started on:</td><td>Mon Aug 16 12:55:16 IST 2021</td>
</tr>
<tr><td>Total time:</td><td>660 seconds (660453 ms)</td>
</tr><tr>
<td>Included groups:</td><td></td>
</tr><tr>
<td>Excluded groups:</td><td></td>
</tr>
</table><p/>
<small><i>(Hover the method name to see the test class name)</i></small><p/>
<table width='100%' border='1' class='invocation-failed'>
<tr><td colspan='4' align='center'><b>FAILED TESTS</b></td></tr>
<tr><td><b>Test method</b></td>
<td width="30%"><b>Exception</b></td>
<td width="10%"><b>Time (seconds)</b></td>
<td><b>Instance</b></td>
</tr>
<tr>
<td title='testrunner.runScenario()'><b>runScenario</b><br>Test class: testrunner<br>Test method: Runs Cucumber Scenarios<br>Parameters: "User fills the invalid data in brand field", "Optional[form fields to sell bike]"</td>
<td><div><pre>org.openqa.selenium.StaleElementReferenceException: stale element reference: element is not attached to the page document
  (Session info: chrome=92.0.4515.131)
For documentation on this error, please visit: https://www.seleniumhq.org/exceptions/stale_element_reference.html
Build info: version: &apos;3.141.59&apos;, revision: &apos;e82be7d358&apos;, time: &apos;2018-11-14T08:17:03&apos;
System info: host: &apos;DESKTOP-J83KBQ8&apos;, ip: &apos;192.168.10.6&apos;, os.name: &apos;Windows 10&apos;, os.arch: &apos;amd64&apos;, os.version: &apos;10.0&apos;, java.version: &apos;1.8.0_281&apos;
Driver info: org.openqa.selenium.chrome.ChromeDriver
Capabilities {acceptInsecureCerts: false, browserName: chrome, browserVersion: 92.0.4515.131, chrome: {chromedriverVersion: 91.0.4472.101 (af52a90bf870..., userDataDir: C:\Users\lenovo\AppData\Loc...}, goog:chromeOptions: {debuggerAddress: localhost:59649}, javascriptEnabled: true, networkConnectionEnabled: false, pageLoadStrategy: normal, platform: WINDOWS, platformName: WINDOWS, proxy: Proxy(), setWindowRect: true, strictFileInteractability: false, timeouts: {implicit: 0, pageLoad: 300000, script: 30000}, unhandledPromptBehavior: dismiss and notify, webauthn:extension:largeBlob: true, webauthn:virtualAuthenticators: true}
Session ID: 36fb0f4e0bad16cf15cd42894c412b19
	at sun.reflect.NativeConstructorAccessorImpl.newInstance0(Native Method)
	at sun.reflect.NativeConstructorAccessorImpl.newInstance(Unknown Source)
	at sun.reflect.DelegatingConstructorAccessorImpl.newInstance(Unknown Source)
	at java.lang.reflect.Constructor.newInstance(Unknown Source)
	at org.openqa.selenium.remote.http.W3CHttpResponseCodec.createException(W3CHttpResponseCodec.java:187)
	at org.openqa.selenium.remote.http.W3CHttpResponseCodec.decode(W3CHttpResponseCodec.java:122)
	at org.openqa.selenium.remote.http.W3CHttpResponseCodec.decode(W3CHttpResponseCodec.java:49)
	at org.openqa.selenium.remote.HttpCommandExecutor.execute(HttpCommandExecutor.java:158)
	at org.openqa.selenium.remote.service.DriverCommandExecutor.execute(DriverCommandExecutor.java:83)
	at org.openqa.selenium.remote.RemoteWebDriver.execute(RemoteWebDriver.java:552)
	at org.openqa.selenium.remote.RemoteWebElement.execute(RemoteWebElement.java:285)
	at org.openqa.selenium.remote.RemoteWebElement.sendKeys(RemoteWebElement.java:106)
	at pageobject.bikeform.validform(bikeform.java:33)
	at stepdefinition.tc2_sellBike.user_enter_the_invalid_data_in_any_of_the_fields_and_click_on_post_ad_button(tc2_sellBike.java:57)
	at ?.user enter the invalid  data in brand field &quot;Hondaaa&quot;,&quot;Activa&quot;,&quot;2020&quot;,&quot;5050&quot;,&quot;Kochi&quot;,&quot;Aluva&quot;,&quot;8000&quot;,&quot;Lakshmi&quot;,&quot;9988998899&quot;,&quot;lakshmi@gmail.com&quot; and click on post ad button(file:///D:/eclipse%202019%20code/ProjectQuikr/features/sellbike.feature:16)
</pre></div><a href='#' onClick='toggleBox("stack-trace734230775", this, "Click to show all stack frames", "Click to hide stack frames")'>Click to show all stack frames</a>
<div class='stack-trace' id='stack-trace734230775'><pre>org.openqa.selenium.StaleElementReferenceException: stale element reference: element is not attached to the page document
  (Session info: chrome=92.0.4515.131)
For documentation on this error, please visit: https://www.seleniumhq.org/exceptions/stale_element_reference.html
Build info: version: &apos;3.141.59&apos;, revision: &apos;e82be7d358&apos;, time: &apos;2018-11-14T08:17:03&apos;
System info: host: &apos;DESKTOP-J83KBQ8&apos;, ip: &apos;192.168.10.6&apos;, os.name: &apos;Windows 10&apos;, os.arch: &apos;amd64&apos;, os.version: &apos;10.0&apos;, java.version: &apos;1.8.0_281&apos;
Driver info: org.openqa.selenium.chrome.ChromeDriver
Capabilities {acceptInsecureCerts: false, browserName: chrome, browserVersion: 92.0.4515.131, chrome: {chromedriverVersion: 91.0.4472.101 (af52a90bf870..., userDataDir: C:\Users\lenovo\AppData\Loc...}, goog:chromeOptions: {debuggerAddress: localhost:59649}, javascriptEnabled: true, networkConnectionEnabled: false, pageLoadStrategy: normal, platform: WINDOWS, platformName: WINDOWS, proxy: Proxy(), setWindowRect: true, strictFileInteractability: false, timeouts: {implicit: 0, pageLoad: 300000, script: 30000}, unhandledPromptBehavior: dismiss and notify, webauthn:extension:largeBlob: true, webauthn:virtualAuthenticators: true}
Session ID: 36fb0f4e0bad16cf15cd42894c412b19
	at sun.reflect.NativeConstructorAccessorImpl.newInstance0(Native Method)
	at sun.reflect.NativeConstructorAccessorImpl.newInstance(Unknown Source)
	at sun.reflect.DelegatingConstructorAccessorImpl.newInstance(Unknown Source)
	at java.lang.reflect.Constructor.newInstance(Unknown Source)
	at org.openqa.selenium.remote.http.W3CHttpResponseCodec.createException(W3CHttpResponseCodec.java:187)
	at org.openqa.selenium.remote.http.W3CHttpResponseCodec.decode(W3CHttpResponseCodec.java:122)
	at org.openqa.selenium.remote.http.W3CHttpResponseCodec.decode(W3CHttpResponseCodec.java:49)
	at org.openqa.selenium.remote.HttpCommandExecutor.execute(HttpCommandExecutor.java:158)
	at org.openqa.selenium.remote.service.DriverCommandExecutor.execute(DriverCommandExecutor.java:83)
	at org.openqa.selenium.remote.RemoteWebDriver.execute(RemoteWebDriver.java:552)
	at org.openqa.selenium.remote.RemoteWebElement.execute(RemoteWebElement.java:285)
	at org.openqa.selenium.remote.RemoteWebElement.sendKeys(RemoteWebElement.java:106)
	at pageobject.bikeform.validform(bikeform.java:33)
	at stepdefinition.tc2_sellBike.user_enter_the_invalid_data_in_any_of_the_fields_and_click_on_post_ad_button(tc2_sellBike.java:57)
	at ?.user enter the invalid  data in brand field &quot;Hondaaa&quot;,&quot;Activa&quot;,&quot;2020&quot;,&quot;5050&quot;,&quot;Kochi&quot;,&quot;Aluva&quot;,&quot;8000&quot;,&quot;Lakshmi&quot;,&quot;9988998899&quot;,&quot;lakshmi@gmail.com&quot; and click on post ad button(file:///D:/eclipse%202019%20code/ProjectQuikr/features/sellbike.feature:16)
</pre></div></td>
<td>59</td>
<td>testrunner@1068e947</td></tr>
<tr>
<td title='testrunner.runScenario()'><b>runScenario</b><br>Test class: testrunner<br>Test method: Runs Cucumber Scenarios<br>Parameters: "User fills the invalid data in locality field", "Optional[form fields to sell bike]"</td>
<td><div><pre>java.lang.AssertionError: expected [Please Select a valid adlocality] but found []
	at org.testng.Assert.fail(Assert.java:99)
	at org.testng.Assert.failNotEquals(Assert.java:1037)
	at org.testng.Assert.assertEqualsImpl(Assert.java:140)
	at org.testng.Assert.assertEquals(Assert.java:122)
	at org.testng.Assert.assertEquals(Assert.java:629)
	at org.testng.Assert.assertEquals(Assert.java:639)
	at stepdefinition.tc7_loc_sellBike.user_enter_the_invalid_data_in_locality_field_and_click_on_post_ad_button(tc7_loc_sellBike.java:61)
	at ?.user enter the invalid  data in locality field &quot;Honda&quot;,&quot;Activa&quot;,&quot;2020&quot;,&quot;5000&quot;,&quot;Kochi&quot;,&quot;Aluva&quot;,&quot;8000&quot;,&quot;Lakshmi&quot;,&quot;9988998899&quot;,&quot;lakshmi@gmail.com&quot; and click on post ad button(file:///D:/eclipse%202019%20code/ProjectQuikr/features/sellbike.feature:75)
</pre></div><a href='#' onClick='toggleBox("stack-trace398468940", this, "Click to show all stack frames", "Click to hide stack frames")'>Click to show all stack frames</a>
<div class='stack-trace' id='stack-trace398468940'><pre>java.lang.AssertionError: expected [Please Select a valid adlocality] but found []
	at org.testng.Assert.fail(Assert.java:99)
	at org.testng.Assert.failNotEquals(Assert.java:1037)
	at org.testng.Assert.assertEqualsImpl(Assert.java:140)
	at org.testng.Assert.assertEquals(Assert.java:122)
	at org.testng.Assert.assertEquals(Assert.java:629)
	at org.testng.Assert.assertEquals(Assert.java:639)
	at stepdefinition.tc7_loc_sellBike.user_enter_the_invalid_data_in_locality_field_and_click_on_post_ad_button(tc7_loc_sellBike.java:61)
	at ?.user enter the invalid  data in locality field &quot;Honda&quot;,&quot;Activa&quot;,&quot;2020&quot;,&quot;5000&quot;,&quot;Kochi&quot;,&quot;Aluva&quot;,&quot;8000&quot;,&quot;Lakshmi&quot;,&quot;9988998899&quot;,&quot;lakshmi@gmail.com&quot; and click on post ad button(file:///D:/eclipse%202019%20code/ProjectQuikr/features/sellbike.feature:75)
</pre></div></td>
<td>45</td>
<td>testrunner@1068e947</td></tr>
<tr>
<td title='testrunner.runScenario()'><b>runScenario</b><br>Test class: testrunner<br>Test method: Runs Cucumber Scenarios<br>Parameters: "User fills the invalid data in email field", "Optional[form fields to sell bike]"</td>
<td><div><pre>org.openqa.selenium.ElementNotInteractableException: element not interactable
  (Session info: chrome=92.0.4515.131)
Build info: version: &apos;3.141.59&apos;, revision: &apos;e82be7d358&apos;, time: &apos;2018-11-14T08:17:03&apos;
System info: host: &apos;DESKTOP-J83KBQ8&apos;, ip: &apos;192.168.10.6&apos;, os.name: &apos;Windows 10&apos;, os.arch: &apos;amd64&apos;, os.version: &apos;10.0&apos;, java.version: &apos;1.8.0_281&apos;
Driver info: org.openqa.selenium.chrome.ChromeDriver
Capabilities {acceptInsecureCerts: false, browserName: chrome, browserVersion: 92.0.4515.131, chrome: {chromedriverVersion: 91.0.4472.101 (af52a90bf870..., userDataDir: C:\Users\lenovo\AppData\Loc...}, goog:chromeOptions: {debuggerAddress: localhost:54187}, javascriptEnabled: true, networkConnectionEnabled: false, pageLoadStrategy: normal, platform: WINDOWS, platformName: WINDOWS, proxy: Proxy(), setWindowRect: true, strictFileInteractability: false, timeouts: {implicit: 0, pageLoad: 300000, script: 30000}, unhandledPromptBehavior: dismiss and notify, webauthn:extension:largeBlob: true, webauthn:virtualAuthenticators: true}
Session ID: 8a9c7d0f098786ea8dcf015e63252228
	at sun.reflect.NativeConstructorAccessorImpl.newInstance0(Native Method)
	at sun.reflect.NativeConstructorAccessorImpl.newInstance(Unknown Source)
	at sun.reflect.DelegatingConstructorAccessorImpl.newInstance(Unknown Source)
	at java.lang.reflect.Constructor.newInstance(Unknown Source)
	at org.openqa.selenium.remote.http.W3CHttpResponseCodec.createException(W3CHttpResponseCodec.java:187)
	at org.openqa.selenium.remote.http.W3CHttpResponseCodec.decode(W3CHttpResponseCodec.java:122)
	at org.openqa.selenium.remote.http.W3CHttpResponseCodec.decode(W3CHttpResponseCodec.java:49)
	at org.openqa.selenium.remote.HttpCommandExecutor.execute(HttpCommandExecutor.java:158)
	at org.openqa.selenium.remote.service.DriverCommandExecutor.execute(DriverCommandExecutor.java:83)
	at org.openqa.selenium.remote.RemoteWebDriver.execute(RemoteWebDriver.java:552)
	at org.openqa.selenium.remote.RemoteWebElement.execute(RemoteWebElement.java:285)
	at org.openqa.selenium.remote.RemoteWebElement.click(RemoteWebElement.java:84)
	at pageobject.bikeform.validform(bikeform.java:35)
	at stepdefinition.tc9_email_sellBike.user_enter_the_invalid_data_in_email_field_and_click_on_post_ad_button(tc9_email_sellBike.java:57)
	at ?.user enter the invalid  data in email field &quot;Honda&quot;,&quot;Activa&quot;,&quot;2020&quot;,&quot;5000&quot;,&quot;Kochi&quot;,&quot;Aluva&quot;,&quot;8000&quot;,&quot;Lakshmi&quot;,&quot;9988998899&quot;,&quot;lakshmi@gmail.com1234&quot; and click on post ad button(file:///D:/eclipse%202019%20code/ProjectQuikr/features/sellbike.feature:97)
</pre></div><a href='#' onClick='toggleBox("stack-trace454547627", this, "Click to show all stack frames", "Click to hide stack frames")'>Click to show all stack frames</a>
<div class='stack-trace' id='stack-trace454547627'><pre>org.openqa.selenium.ElementNotInteractableException: element not interactable
  (Session info: chrome=92.0.4515.131)
Build info: version: &apos;3.141.59&apos;, revision: &apos;e82be7d358&apos;, time: &apos;2018-11-14T08:17:03&apos;
System info: host: &apos;DESKTOP-J83KBQ8&apos;, ip: &apos;192.168.10.6&apos;, os.name: &apos;Windows 10&apos;, os.arch: &apos;amd64&apos;, os.version: &apos;10.0&apos;, java.version: &apos;1.8.0_281&apos;
Driver info: org.openqa.selenium.chrome.ChromeDriver
Capabilities {acceptInsecureCerts: false, browserName: chrome, browserVersion: 92.0.4515.131, chrome: {chromedriverVersion: 91.0.4472.101 (af52a90bf870..., userDataDir: C:\Users\lenovo\AppData\Loc...}, goog:chromeOptions: {debuggerAddress: localhost:54187}, javascriptEnabled: true, networkConnectionEnabled: false, pageLoadStrategy: normal, platform: WINDOWS, platformName: WINDOWS, proxy: Proxy(), setWindowRect: true, strictFileInteractability: false, timeouts: {implicit: 0, pageLoad: 300000, script: 30000}, unhandledPromptBehavior: dismiss and notify, webauthn:extension:largeBlob: true, webauthn:virtualAuthenticators: true}
Session ID: 8a9c7d0f098786ea8dcf015e63252228
	at sun.reflect.NativeConstructorAccessorImpl.newInstance0(Native Method)
	at sun.reflect.NativeConstructorAccessorImpl.newInstance(Unknown Source)
	at sun.reflect.DelegatingConstructorAccessorImpl.newInstance(Unknown Source)
	at java.lang.reflect.Constructor.newInstance(Unknown Source)
	at org.openqa.selenium.remote.http.W3CHttpResponseCodec.createException(W3CHttpResponseCodec.java:187)
	at org.openqa.selenium.remote.http.W3CHttpResponseCodec.decode(W3CHttpResponseCodec.java:122)
	at org.openqa.selenium.remote.http.W3CHttpResponseCodec.decode(W3CHttpResponseCodec.java:49)
	at org.openqa.selenium.remote.HttpCommandExecutor.execute(HttpCommandExecutor.java:158)
	at org.openqa.selenium.remote.service.DriverCommandExecutor.execute(DriverCommandExecutor.java:83)
	at org.openqa.selenium.remote.RemoteWebDriver.execute(RemoteWebDriver.java:552)
	at org.openqa.selenium.remote.RemoteWebElement.execute(RemoteWebElement.java:285)
	at org.openqa.selenium.remote.RemoteWebElement.click(RemoteWebElement.java:84)
	at pageobject.bikeform.validform(bikeform.java:35)
	at stepdefinition.tc9_email_sellBike.user_enter_the_invalid_data_in_email_field_and_click_on_post_ad_button(tc9_email_sellBike.java:57)
	at ?.user enter the invalid  data in email field &quot;Honda&quot;,&quot;Activa&quot;,&quot;2020&quot;,&quot;5000&quot;,&quot;Kochi&quot;,&quot;Aluva&quot;,&quot;8000&quot;,&quot;Lakshmi&quot;,&quot;9988998899&quot;,&quot;lakshmi@gmail.com1234&quot; and click on post ad button(file:///D:/eclipse%202019%20code/ProjectQuikr/features/sellbike.feature:97)
</pre></div></td>
<td>42</td>
<td>testrunner@1068e947</td></tr>
<tr>
<td title='testrunner.runScenario()'><b>runScenario</b><br>Test class: testrunner<br>Test method: Runs Cucumber Scenarios<br>Parameters: "User fills the invalid data in name field", "Optional[form fields to sell bike]"</td>
<td><div><pre>java.lang.AssertionError: expected [Please Select a valid name] but found []
	at org.testng.Assert.fail(Assert.java:99)
	at org.testng.Assert.failNotEquals(Assert.java:1037)
	at org.testng.Assert.assertEqualsImpl(Assert.java:140)
	at org.testng.Assert.assertEquals(Assert.java:122)
	at org.testng.Assert.assertEquals(Assert.java:629)
	at org.testng.Assert.assertEquals(Assert.java:639)
	at stepdefinition.tc10_name_sellBike.user_enter_the_invalid_data_in_name_field_and_click_on_post_ad_button(tc10_name_sellBike.java:67)
	at ?.user enter the invalid  data in name field &quot;Honda&quot;,&quot;Activa&quot;,&quot;2020&quot;,&quot;5000&quot;,&quot;Kochi&quot;,&quot;Aluva&quot;,&quot;8000&quot;,&quot;@@@@&quot;,&quot;9988998899&quot;,&quot;lakshmi@gmail.com&quot; and click on post ad button(file:///D:/eclipse%202019%20code/ProjectQuikr/features/sellbike.feature:107)
</pre></div><a href='#' onClick='toggleBox("stack-trace143830798", this, "Click to show all stack frames", "Click to hide stack frames")'>Click to show all stack frames</a>
<div class='stack-trace' id='stack-trace143830798'><pre>java.lang.AssertionError: expected [Please Select a valid name] but found []
	at org.testng.Assert.fail(Assert.java:99)
	at org.testng.Assert.failNotEquals(Assert.java:1037)
	at org.testng.Assert.assertEqualsImpl(Assert.java:140)
	at org.testng.Assert.assertEquals(Assert.java:122)
	at org.testng.Assert.assertEquals(Assert.java:629)
	at org.testng.Assert.assertEquals(Assert.java:639)
	at stepdefinition.tc10_name_sellBike.user_enter_the_invalid_data_in_name_field_and_click_on_post_ad_button(tc10_name_sellBike.java:67)
	at ?.user enter the invalid  data in name field &quot;Honda&quot;,&quot;Activa&quot;,&quot;2020&quot;,&quot;5000&quot;,&quot;Kochi&quot;,&quot;Aluva&quot;,&quot;8000&quot;,&quot;@@@@&quot;,&quot;9988998899&quot;,&quot;lakshmi@gmail.com&quot; and click on post ad button(file:///D:/eclipse%202019%20code/ProjectQuikr/features/sellbike.feature:107)
</pre></div></td>
<td>63</td>
<td>testrunner@1068e947</td></tr>
</table><p>
<table width='100%' border='1' class='invocation-passed'>
<tr><td colspan='4' align='center'><b>PASSED TESTS</b></td></tr>
<tr><td><b>Test method</b></td>
<td width="30%"><b>Exception</b></td>
<td width="10%"><b>Time (seconds)</b></td>
<td><b>Instance</b></td>
</tr>
<tr>
<td title='testrunner.runScenario()'><b>runScenario</b><br>Test class: testrunner<br>Test method: Runs Cucumber Scenarios<br>Parameters: "User wants to fill the form fields to sell bike", "Optional[form fields to sell bike]"</td>
<td></td>
<td>45</td>
<td>testrunner@1068e947</td></tr>
<tr>
<td title='testrunner.runScenario()'><b>runScenario</b><br>Test class: testrunner<br>Test method: Runs Cucumber Scenarios<br>Parameters: "User fills the invalid data in model field", "Optional[form fields to sell bike]"</td>
<td></td>
<td>82</td>
<td>testrunner@1068e947</td></tr>
<tr>
<td title='testrunner.runScenario()'><b>runScenario</b><br>Test class: testrunner<br>Test method: Runs Cucumber Scenarios<br>Parameters: "User fills the invalid data in km field", "Optional[form fields to sell bike]"</td>
<td></td>
<td>40</td>
<td>testrunner@1068e947</td></tr>
<tr>
<td title='testrunner.runScenario()'><b>runScenario</b><br>Test class: testrunner<br>Test method: Runs Cucumber Scenarios<br>Parameters: "User wants to fill the form fields to sell car", "Optional[form fields to sell car]"</td>
<td></td>
<td>109</td>
<td>testrunner@1068e947</td></tr>
<tr>
<td title='testrunner.runScenario()'><b>runScenario</b><br>Test class: testrunner<br>Test method: Runs Cucumber Scenarios<br>Parameters: "User fills the invalid data in year field", "Optional[form fields to sell bike]"</td>
<td></td>
<td>48</td>
<td>testrunner@1068e947</td></tr>
<tr>
<td title='testrunner.runScenario()'><b>runScenario</b><br>Test class: testrunner<br>Test method: Runs Cucumber Scenarios<br>Parameters: "User fills the invalid data in mob field", "Optional[form fields to sell bike]"</td>
<td></td>
<td>59</td>
<td>testrunner@1068e947</td></tr>
<tr>
<td title='testrunner.runScenario()'><b>runScenario</b><br>Test class: testrunner<br>Test method: Runs Cucumber Scenarios<br>Parameters: "User fills the invalid data in city field", "Optional[form fields to sell bike]"</td>
<td></td>
<td>49</td>
<td>testrunner@1068e947</td></tr>
</table><p>
</body>
</html>